<?xml version="1.0" encoding="UTF-8"?>
<!-- Generated by org.testng.reporters.JUnitReportReporter -->
<testsuite hostname="SPrakash-PC" name="robimyplex.Jenkins" tests="1" failures="0" timestamp="17 Apr 2018 07:05:13 GMT" time="24.287" errors="0">
  <testcase name="testgooglrsearch" time="24.287" classname="robimyplex.Jenkins"/>
</testsuite> <!-- robimyplex.Jenkins -->
